<?xml version="1.0" encoding="UTF-8"?>
<!-- Generated by org.testng.reporters.JUnitXMLReporter -->
<testsuite ignored="0" hostname="anitas-mbp.lan" failures="1" tests="5" name="opencartTest" time="58.582" errors="0" timestamp="2023-03-02T14:48:06 CET">
  <testcase classname="testCases.TC_OO3_LoginDDT" name="logintest" time="10.688"/>
  <testcase classname="testCases.TC_OO3_LoginDDT" name="logintest" time="10.482"/>
  <testcase classname="testCases.TC_OO3_LoginDDT" name="logintest" time="10.483"/>
  <testcase classname="testCases.TC_OO3_LoginDDT" name="logintest" time="10.468"/>
  <testcase classname="testCases.TC_OO3_LoginDDT" name="logintest" time="10.487">
    <failure type="java.lang.AssertionError" message="expected [true] but found [false]">
      <![CDATA[java.lang.AssertionError: expected [true] but found [false]
at testCases.TC_OO3_LoginDDT.logintest(TC_OO3_LoginDDT.java:47)
at java.base/java.util.ArrayList.forEach(ArrayList.java:1511)
... Removed 29 stack frames]]>
    </failure>
  </testcase> <!-- logintest -->
</testsuite> <!-- opencartTest -->
